<?xml version="1.0" encoding="utf-8"?><testsuites name="pytest tests"><testsuite name="pytest" errors="0" failures="0" skipped="0" tests="18" time="5.649" timestamp="2026-05-07T00:54:09.795019+00:00" hostname="agent-env-9e908a6f-e57b-4f2b-bc3e-4261949c2e53"><testcase classname="backend.tests.backend_test.TestHealth" name="test_root" time="0.244" /><testcase classname="backend.tests.backend_test.TestPrompts" name="test_prompts_list" time="0.092" /><testcase classname="backend.tests.backend_test.TestSessions" name="test_create_and_get_session" time="0.447" /><testcase classname="backend.tests.backend_test.TestSessions" name="test_get_nonexistent" time="0.090" /><testcase classname="backend.tests.backend_test.TestTakes" name="test_upload_list_patch_delete_take" time="0.886" /><testcase classname="backend.tests.backend_test.TestTakes" name="test_upload_take_wrong_session" time="0.091" /><testcase classname="backend.tests.backend_test.TestCleaner" name="test_clean_take_returns_503" time="0.197" /><testcase classname="backend.tests.backend_test.TestCleaner" name="test_oneoff_clean_returns_503" time="0.093" /><testcase classname="backend.tests.backend_test.TestBiometrics" name="test_biometrics_with_zero_takes" time="0.282" /><testcase classname="backend.tests.backend_test.TestBiometrics" name="test_biometrics_with_takes" time="0.358" /><testcase classname="backend.tests.backend_test.TestPackage" name="test_download_zip" time="0.124" /><testcase classname="backend.tests.backend_test.TestModelUpload" name="test_upload_fake_pth" time="0.116" /><testcase classname="backend.tests.backend_test.TestApiKeys" name="test_create_list_revoke" time="0.462" /><testcase classname="backend.tests.backend_test.TestPublicApi" name="test_status_requires_key" time="0.115" /><testcase classname="backend.tests.backend_test.TestPublicApi" name="test_status_invalid_key" time="0.123" /><testcase classname="backend.tests.backend_test.TestPublicApi" name="test_status_valid_key" time="0.250" /><testcase classname="backend.tests.backend_test.TestPublicApi" name="test_infer_412_without_model" time="0.559" /><testcase classname="backend.tests.backend_test.TestPublicApi" name="test_infer_200_with_model" time="0.832" /></testsuite></testsuites>